\BOOKMARK [1][-]{section.1}{\376\377\000E\000i\000n\000l\000e\000i\000t\000u\000n\000g}{}% 1
\BOOKMARK [1][-]{section.2}{\376\377\000L\000a\000b\000o\000r\000\040\0006\000:\000\040\000R\000e\000g\000l\000e\000r\000\040\000I\000I}{}% 2
\BOOKMARK [2][-]{subsection.2.1}{\376\377\000A\000u\000f\000g\000a\000b\000e\000\040\000A}{section.2}% 3
\BOOKMARK [2][-]{subsection.2.2}{\376\377\000A\000u\000f\000g\000a\000b\000e\000\040\000B}{section.2}% 4
\BOOKMARK [2][-]{subsection.2.3}{\376\377\000A\000u\000f\000g\000a\000b\000e\000\040\000C}{section.2}% 5
\BOOKMARK [2][-]{subsection.2.4}{\376\377\000F\000a\000z\000i\000t\000\040\000z\000u\000\040\000L\000a\000b\000o\000r\000\040\0006}{section.2}% 6
\BOOKMARK [1][-]{section.3}{\376\377\000L\000a\000b\000o\000r\000\040\0007\000:\000\040\000R\000e\000g\000l\000e\000r\000\040\000I\000I\000I}{}% 7
\BOOKMARK [2][-]{subsection.3.1}{\376\377\000T\000h\000e\000o\000r\000e\000t\000i\000s\000c\000h\000e\000\040\000G\000r\000u\000n\000d\000l\000a\000g\000e\000n}{section.3}% 8
\BOOKMARK [3][-]{subsubsection.3.1.1}{\376\377\000P\000I\000D\000-\000R\000e\000g\000l\000e\000r}{subsection.3.1}% 9
\BOOKMARK [3][-]{subsubsection.3.1.2}{\376\377\000P\000a\000r\000a\000l\000l\000e\000l\000e\000\040\000u\000n\000d\000\040\000s\000e\000r\000i\000e\000l\000l\000e\000\040\000F\000o\000r\000m\000\040\000d\000e\000s\000\040\000P\000I\000D\000-\000R\000e\000g\000l\000e\000r\000s}{subsection.3.1}% 10
\BOOKMARK [3][-]{subsubsection.3.1.3}{\376\377\000S\000t\000\366\000r\000e\000i\000n\000f\000l\000\374\000s\000s\000e}{subsection.3.1}% 11
\BOOKMARK [3][-]{subsubsection.3.1.4}{\376\377\000S\000t\000e\000l\000l\000g\000r\000\366\000\337\000e\000n\000b\000e\000s\000c\000h\000r\000\344\000n\000k\000u\000n\000g\000e\000n}{subsection.3.1}% 12
\BOOKMARK [3][-]{subsubsection.3.1.5}{\376\377\000T\000L\000K\000\040\000E\000n\000e\000r\000g\000y\000\040\000S\000c\000h\000r\000i\000t\000t\000\040\000f\000\374\000r\000\040\000S\000c\000h\000r\000i\000t\000t\000\040\000d\000e\000n\000\040\000R\000e\000g\000l\000e\000r\000\040\000e\000i\000n\000s\000t\000e\000l\000l\000e\000n}{subsection.3.1}% 13
\BOOKMARK [2][-]{subsection.3.2}{\376\377\000A\000u\000f\000g\000a\000b\000e\000\040\000A\000\040\040\023\000\040\000R\000e\000g\000l\000e\000r\000-\000E\000i\000n\000s\000t\000e\000l\000l\000u\000n\000g\000\040\000m\000i\000t\000\040\000T\000r\000i\000a\000l\000-\000a\000n\000d\000-\000E\000r\000r\000o\000r}{section.3}% 14
\BOOKMARK [3][-]{subsubsection.3.2.1}{\376\377\000V\000e\000r\000s\000u\000c\000h\000s\000a\000u\000f\000b\000a\000u\000\040\000u\000n\000d\000\040\000D\000u\000r\000c\000h\000f\000\374\000h\000r\000u\000n\000g}{subsection.3.2}% 15
\BOOKMARK [3][-]{subsubsection.3.2.2}{\376\377\000F\000a\000z\000i\000t\000\040\000A}{subsection.3.2}% 16
\BOOKMARK [2][-]{subsection.3.3}{\376\377\000A\000u\000f\000g\000a\000b\000e\000\040\000B\000\040\040\023\000\040\000R\000e\000g\000l\000e\000r\000-\000E\000i\000n\000s\000t\000e\000l\000l\000u\000n\000g\000\040\000n\000a\000c\000h\000\040\000Z\000i\000e\000g\000l\000e\000r\000-\000N\000i\000c\000h\000o\000l\000s}{section.3}% 17
\BOOKMARK [3][-]{subsubsection.3.3.1}{\376\377\000V\000e\000r\000s\000u\000c\000h\000s\000a\000u\000f\000b\000a\000u\000\040\000u\000n\000d\000\040\000D\000u\000r\000c\000h\000f\000\374\000h\000r\000u\000n\000g}{subsection.3.3}% 18
\BOOKMARK [2][-]{subsection.3.4}{\376\377\000A\000u\000f\000g\000a\000b\000e\000\040\000C\000\040\040\023\000\040\000E\000i\000n\000f\000l\000u\000s\000s\000\040\000v\000o\000n\000\040\000S\000t\000e\000l\000l\000g\000r\000\366\000\337\000e\000n\000b\000e\000s\000c\000h\000r\000\344\000n\000k\000u\000n\000g\000e\000n}{section.3}% 19
\BOOKMARK [3][-]{subsubsection.3.4.1}{\376\377\000V\000e\000r\000s\000u\000c\000h\000s\000a\000u\000f\000b\000a\000u\000\040\000u\000n\000d\000\040\000D\000u\000r\000c\000h\000f\000\374\000h\000r\000u\000n\000g}{subsection.3.4}% 20
\BOOKMARK [3][-]{subsubsection.3.4.2}{\376\377\000E\000r\000g\000e\000b\000n\000i\000s\000s\000e}{subsection.3.4}% 21
\BOOKMARK [2][-]{subsection.3.5}{\376\377\000A\000u\000f\000g\000a\000b\000e\000\040\000D\000\040\040\023\000\040\000E\000i\000n\000f\000l\000u\000s\000s\000\040\000e\000i\000n\000e\000s\000\040\000S\000t\000\366\000r\000s\000i\000g\000n\000a\000l\000s}{section.3}% 22
\BOOKMARK [3][-]{subsubsection.3.5.1}{\376\377\000V\000e\000r\000s\000u\000c\000h\000s\000a\000u\000f\000b\000a\000u\000\040\000u\000n\000d\000\040\000D\000u\000r\000c\000h\000f\000\374\000h\000r\000u\000n\000g}{subsection.3.5}% 23
\BOOKMARK [3][-]{subsubsection.3.5.2}{\376\377\000G\000e\000m\000i\000n\000i\000\040\000A\000n\000a\000l\000y\000s\000e\000\040\000z\000u\000m\000\040\000S\000t\000\366\000r\000v\000e\000r\000h\000a\000l\000t\000e\000n}{subsection.3.5}% 24
